<?xml version="1.0" encoding="UTF-8" ?>
<testsuite errors="0" failures="0" hostname="nilson-HP-Pavilion-dv7-Notebook-PC" name="br.com.gese.testes.TesteLogin" skipped="0" tests="2" time="0.036" timestamp="2016-05-16T16:02:50">
  <properties>
[...]
</properties>
  <testcase classname="br.com.gese.testes.TesteLogin" name="testar1" time="0.001" />
  <testcase classname="br.com.gese.testes.TesteLogin" name="testar" time="0.0" />
  <system-out><![CDATA[]]></system-out>
  <system-err><![CDATA[]]></system-err>
</testsuite>
